<?xml version="1.0" encoding="UTF-8"?>
<!-- Generated by org.testng.reporters.JUnitReportReporter -->
<testsuite hostname="BLRL79035" name="MavenTutorial.MavenTutorial.AppTest" tests="1" failures="0" timestamp="26 Jan 2020 05:29:40 GMT" time="8.980" errors="0">
  <testcase name="testApp" time="8.980" classname="MavenTutorial.MavenTutorial.AppTest"/>
</testsuite> <!-- MavenTutorial.MavenTutorial.AppTest -->
