<?xml version="1.0" encoding="UTF-8"?>
<!-- Generated by org.testng.reporters.JUnitReportReporter -->
<testsuite hostname="BLRL79035" name="MavenTutorial.MavenTutorial.Test4" tests="1" failures="0" timestamp="1 Feb 2020 12:08:42 GMT" time="12.942" errors="0">
  <testcase name="testDocker" time="12.942" classname="MavenTutorial.MavenTutorial.Test4"/>
</testsuite> <!-- MavenTutorial.MavenTutorial.Test4 -->
