<?xml version="1.0" encoding="UTF-8"?>
<!-- Generated by org.testng.reporters.JUnitReportReporter -->
<testsuite hostname="BLRL79035" name="MavenTutorial.MavenTutorial.Test1" tests="1" failures="0" timestamp="28 Jan 2020 16:31:06 GMT" time="0.018" errors="0">
  <testcase name="mavenBasic" time="0.018" classname="MavenTutorial.MavenTutorial.Test1"/>
</testsuite> <!-- MavenTutorial.MavenTutorial.Test1 -->
