<?xml version="1.0" encoding="UTF-8"?>
<!-- Generated by org.testng.reporters.JUnitReportReporter -->
<testsuite hostname="BLRL79035" name="MavenTutorial.MavenTutorial.Test2" tests="1" failures="0" timestamp="28 Jan 2020 16:31:06 GMT" time="26.985" errors="0">
  <testcase name="testDocker" time="26.985" classname="MavenTutorial.MavenTutorial.Test2"/>
</testsuite> <!-- MavenTutorial.MavenTutorial.Test2 -->
