<?xml version="1.0" encoding="UTF-8"?>
<!-- Generated by org.testng.reporters.JUnitReportReporter -->
<testsuite hostname="BLRL79035" name="MavenTutorial.MavenTutorial.AppTest" tests="2" failures="0" timestamp="26 Jan 2020 05:52:19 GMT" time="12.997" errors="0">
  <testcase name="testDocker" time="12.989" classname="MavenTutorial.MavenTutorial.AppTest"/>
  <testcase name="mavenBasic" time="0.008" classname="MavenTutorial.MavenTutorial.AppTest"/>
</testsuite> <!-- MavenTutorial.MavenTutorial.AppTest -->
