<?xml version="1.0" encoding="UTF-8"?>
<!-- Generated by org.testng.reporters.JUnitReportReporter -->
<testsuite hostname="BLRL79035" name="MavenTutorial.MavenTutorial.Test2" tests="1" failures="0" timestamp="28 Jan 2020 16:19:39 GMT" time="29.187" errors="0">
  <testcase name="testDocker" time="29.187" classname="MavenTutorial.MavenTutorial.Test2"/>
</testsuite> <!-- MavenTutorial.MavenTutorial.Test2 -->
