<?xml version="1.0" encoding="UTF-8"?>
<!-- Generated by org.testng.reporters.JUnitReportReporter -->
<testsuite hostname="BLRL79035" name="MavenTutorial.MavenTutorial.Utility" tests="1" failures="0" timestamp="1 Feb 2020 14:07:41 GMT" time="0.021" errors="0">
  <testcase name="modifyTestNGResult" time="0.021" classname="MavenTutorial.MavenTutorial.Utility"/>
</testsuite> <!-- MavenTutorial.MavenTutorial.Utility -->
