<?xml version="1.0" encoding="UTF-8"?>
<!-- Generated by org.testng.reporters.JUnitReportReporter -->
<testsuite hostname="BLRL79035" name="MavenTutorial.MavenTutorial.Test3" tests="1" failures="0" timestamp="28 Jan 2020 16:19:39 GMT" time="47.263" errors="0">
  <testcase name="testDocker" time="47.263" classname="MavenTutorial.MavenTutorial.Test3"/>
</testsuite> <!-- MavenTutorial.MavenTutorial.Test3 -->
