<?xml version="1.0" encoding="UTF-8"?>
<!-- Generated by org.testng.reporters.JUnitReportReporter -->
<testsuite hostname="BLRL79035" name="MavenTutorial.MavenTutorial.Test4" tests="1" failures="0" timestamp="28 Jan 2020 16:38:35 GMT" time="19.696" errors="0">
  <testcase name="testDocker" time="19.696" classname="MavenTutorial.MavenTutorial.Test4"/>
</testsuite> <!-- MavenTutorial.MavenTutorial.Test4 -->
