<?xml version="1.0" encoding="UTF-8"?>
<!-- Generated by org.testng.reporters.JUnitReportReporter -->
<testsuite hostname="BLRL79035" name="MavenTutorial.MavenTutorial.Test2" tests="1" failures="0" timestamp="1 Feb 2020 10:01:02 GMT" time="8.762" errors="0">
  <testcase name="testDocker" time="8.762" classname="MavenTutorial.MavenTutorial.Test2"/>
</testsuite> <!-- MavenTutorial.MavenTutorial.Test2 -->
