<?xml version="1.0" encoding="UTF-8"?>
<!-- Generated by org.testng.reporters.JUnitReportReporter -->
<testsuite hostname="BLRL79035" name="MavenTutorial.MavenTutorial.Test1" tests="1" failures="0" timestamp="1 Feb 2020 10:01:02 GMT" time="0.004" errors="0">
  <testcase name="mavenBasic" time="0.004" classname="MavenTutorial.MavenTutorial.Test1"/>
</testsuite> <!-- MavenTutorial.MavenTutorial.Test1 -->
