<?xml version="1.0" encoding="UTF-8"?>
<!-- Generated by org.testng.reporters.JUnitReportReporter -->
<testsuite hostname="BLRL79035" name="MavenTutorial.MavenTutorial.Test2" tests="1" failures="0" timestamp="1 Feb 2020 15:54:56 GMT" time="5.783" errors="0">
  <testcase name="testDocker" time="5.783" classname="MavenTutorial.MavenTutorial.Test2"/>
</testsuite> <!-- MavenTutorial.MavenTutorial.Test2 -->
