<?xml version="1.0" encoding="UTF-8"?>
<!-- Generated by org.testng.reporters.JUnitReportReporter -->
<testsuite hostname="BLRL79035" name="MavenTutorial.MavenTutorial.Test4" tests="1" failures="0" timestamp="1 Feb 2020 15:48:57 GMT" time="9.722" errors="0">
  <testcase name="testDocker" time="9.722" classname="MavenTutorial.MavenTutorial.Test4"/>
</testsuite> <!-- MavenTutorial.MavenTutorial.Test4 -->
